TN:
SF:src/authentification/auth.js
FN:1,Object.<anonymous>
FNF:1
FNH:1
FNDA:1,Object.<anonymous>
DA:1,1
DA:2,1
DA:3,1
DA:4,1
DA:5,1
DA:6,1
DA:7,1
DA:8,4
DA:9,4
DA:10,4
DA:11,4
DA:12,4
DA:13,4
DA:14,4
DA:15,3
DA:16,4
DA:17,1
DA:18,1
DA:19,2
DA:20,2
DA:21,2
DA:22,2
DA:23,4
DA:24,1
DA:25,1
DA:26,1
DA:27,1
DA:28,1
DA:29,1
DA:30,1
DA:31,1
DA:32,1
DA:33,1
DA:34,1
DA:35,1
DA:36,1
DA:37,4
DA:38,1
DA:39,1
DA:40,1
DA:41,1
DA:42,1
DA:43,1
LF:43
LH:43
BRDA:1,0,0,1
BRDA:1,1,0,1
BRDA:7,2,0,4
BRDA:15,3,0,3
BRDA:16,4,0,1
BRDA:19,5,0,2
BRDA:23,6,0,1
BRDA:37,7,0,1
BRF:8
BRH:8
end_of_record
TN:
SF:src/controllers/document-controller.js
FN:2,Object.<anonymous>
FN:5,getAllDocuments
FN:15,addDocument
FN:26,deleteDocument
FNF:4
FNH:4
FNDA:1,Object.<anonymous>
FNDA:2,getAllDocuments
FNDA:2,addDocument
FNDA:3,deleteDocument
DA:1,1
DA:2,1
DA:3,1
DA:4,1
DA:5,1
DA:6,2
DA:7,2
DA:8,2
DA:9,1
DA:10,1
DA:11,1
DA:12,1
DA:13,1
DA:14,2
DA:15,1
DA:16,2
DA:17,2
DA:18,2
DA:19,2
DA:20,1
DA:21,1
DA:22,1
DA:23,1
DA:24,1
DA:25,2
DA:26,1
DA:27,3
DA:28,3
DA:29,3
DA:30,3
DA:31,1
DA:32,3
DA:33,2
DA:34,2
DA:35,1
DA:36,1
DA:37,1
DA:38,1
DA:39,3
DA:40,1
DA:41,1
DA:42,1
DA:43,1
DA:44,1
LF:44
LH:44
BRDA:2,0,0,1
BRDA:2,1,0,1
BRDA:5,2,0,2
BRDA:9,3,0,1
BRDA:15,4,0,2
BRDA:20,5,0,1
BRDA:26,6,0,3
BRDA:31,7,0,1
BRDA:32,8,0,2
BRDA:34,9,0,1
BRF:10
BRH:10
end_of_record
TN:
SF:src/controllers/user-controller.js
FN:1,Object.<anonymous>
FN:5,getAllUsers
FN:15,ModifyUsers
FNF:3
FNH:3
FNDA:1,Object.<anonymous>
FNDA:2,getAllUsers
FNDA:2,ModifyUsers
DA:1,1
DA:2,1
DA:3,1
DA:4,1
DA:5,1
DA:6,2
DA:7,2
DA:8,2
DA:9,1
DA:10,1
DA:11,1
DA:12,1
DA:13,1
DA:14,2
DA:15,1
DA:16,2
DA:17,2
DA:18,1
DA:19,1
DA:20,1
DA:21,1
DA:22,2
DA:23,2
DA:24,2
DA:25,1
DA:26,1
DA:27,1
DA:28,1
DA:29,1
LF:29
LH:29
BRDA:1,0,0,1
BRDA:1,1,0,1
BRDA:5,2,0,2
BRDA:9,3,0,1
BRDA:15,4,0,2
BRDA:18,5,0,1
BRF:6
BRH:6
end_of_record
TN:
SF:src/routes/document-routes.js
FN:1,Object.<anonymous>
FNF:1
FNH:1
FNDA:1,Object.<anonymous>
DA:1,1
DA:2,1
DA:3,1
DA:4,1
DA:5,1
DA:6,1
DA:7,1
DA:8,1
DA:9,1
LF:9
LH:9
BRDA:1,0,0,1
BRDA:1,1,0,1
BRF:2
BRH:2
end_of_record
TN:
SF:src/routes/user-routes.js
FN:1,Object.<anonymous>
FNF:1
FNH:1
FNDA:1,Object.<anonymous>
DA:1,1
DA:2,1
DA:3,1
DA:4,1
DA:5,1
DA:6,1
DA:7,1
DA:8,1
LF:8
LH:8
BRDA:1,0,0,1
BRDA:1,1,0,1
BRF:2
BRH:2
end_of_record
